Determining if the pthread_create exist failed with the following output:
Change Dir: /media/wangbin/36005E93005E59C7/tlpl/cmake-build-debug/CMakeFiles/CMakeTmp

Run Build Command(s):/usr/bin/make cmTC_e3fc5/fast 
/usr/bin/make -f CMakeFiles/cmTC_e3fc5.dir/build.make CMakeFiles/cmTC_e3fc5.dir/build
make[1]: 进入目录“/media/wangbin/36005E93005E59C7/tlpl/cmake-build-debug/CMakeFiles/CMakeTmp”
Building C object CMakeFiles/cmTC_e3fc5.dir/CheckSymbolExists.c.o
/usr/bin/cc    -o CMakeFiles/cmTC_e3fc5.dir/CheckSymbolExists.c.o   -c /media/wangbin/36005E93005E59C7/tlpl/cmake-build-debug/CMakeFiles/CMakeTmp/CheckSymbolExists.c
Linking C executable cmTC_e3fc5
/media/wangbin/36005E93005E59C7/CLion-2019.2/clion-2019.2/bin/cmake/linux/bin/cmake -E cmake_link_script CMakeFiles/cmTC_e3fc5.dir/link.txt --verbose=1
/usr/bin/cc      CMakeFiles/cmTC_e3fc5.dir/CheckSymbolExists.c.o  -o cmTC_e3fc5 
CMakeFiles/cmTC_e3fc5.dir/CheckSymbolExists.c.o：在函数‘main’中：
CheckSymbolExists.c:(.text+0x1b)：对‘pthread_create’未定义的引用
collect2: error: ld returned 1 exit status
CMakeFiles/cmTC_e3fc5.dir/build.make:86: recipe for target 'cmTC_e3fc5' failed
make[1]: *** [cmTC_e3fc5] Error 1
make[1]: 离开目录“/media/wangbin/36005E93005E59C7/tlpl/cmake-build-debug/CMakeFiles/CMakeTmp”
Makefile:121: recipe for target 'cmTC_e3fc5/fast' failed
make: *** [cmTC_e3fc5/fast] Error 2

File /media/wangbin/36005E93005E59C7/tlpl/cmake-build-debug/CMakeFiles/CMakeTmp/CheckSymbolExists.c:
/* */
#include <pthread.h>

int main(int argc, char** argv)
{
  (void)argv;
#ifndef pthread_create
  return ((int*)(&pthread_create))[argc];
#else
  (void)argc;
  return 0;
#endif
}

Determining if the function pthread_create exists in the pthreads failed with the following output:
Change Dir: /media/wangbin/36005E93005E59C7/tlpl/cmake-build-debug/CMakeFiles/CMakeTmp

Run Build Command(s):/usr/bin/make cmTC_59533/fast 
/usr/bin/make -f CMakeFiles/cmTC_59533.dir/build.make CMakeFiles/cmTC_59533.dir/build
make[1]: 进入目录“/media/wangbin/36005E93005E59C7/tlpl/cmake-build-debug/CMakeFiles/CMakeTmp”
Building C object CMakeFiles/cmTC_59533.dir/CheckFunctionExists.c.o
/usr/bin/cc   -DCHECK_FUNCTION_EXISTS=pthread_create   -o CMakeFiles/cmTC_59533.dir/CheckFunctionExists.c.o   -c /media/wangbin/36005E93005E59C7/CLion-2019.2/clion-2019.2/bin/cmake/linux/share/cmake-3.14/Modules/CheckFunctionExists.c
Linking C executable cmTC_59533
/media/wangbin/36005E93005E59C7/CLion-2019.2/clion-2019.2/bin/cmake/linux/bin/cmake -E cmake_link_script CMakeFiles/cmTC_59533.dir/link.txt --verbose=1
/usr/bin/cc  -DCHECK_FUNCTION_EXISTS=pthread_create    CMakeFiles/cmTC_59533.dir/CheckFunctionExists.c.o  -o cmTC_59533 -lpthreads 
/usr/bin/ld: 找不到 -lpthreads
collect2: error: ld returned 1 exit status
CMakeFiles/cmTC_59533.dir/build.make:86: recipe for target 'cmTC_59533' failed
make[1]: *** [cmTC_59533] Error 1
make[1]: 离开目录“/media/wangbin/36005E93005E59C7/tlpl/cmake-build-debug/CMakeFiles/CMakeTmp”
Makefile:121: recipe for target 'cmTC_59533/fast' failed
make: *** [cmTC_59533/fast] Error 2


