Determining if the pthread_create exist failed with the following output:
Change Dir: /media/wangbin/36005E93005E59C7/tlpl/build/CMakeFiles/CMakeTmp

Run Build Command(s):/usr/bin/make cmTC_cbb91/fast 
/usr/bin/make -f CMakeFiles/cmTC_cbb91.dir/build.make CMakeFiles/cmTC_cbb91.dir/build
make[1]: 进入目录“/media/wangbin/36005E93005E59C7/tlpl/build/CMakeFiles/CMakeTmp”
Building C object CMakeFiles/cmTC_cbb91.dir/CheckSymbolExists.c.o
/usr/bin/cc    -o CMakeFiles/cmTC_cbb91.dir/CheckSymbolExists.c.o   -c /media/wangbin/36005E93005E59C7/tlpl/build/CMakeFiles/CMakeTmp/CheckSymbolExists.c
Linking C executable cmTC_cbb91
/usr/local/bin/cmake -E cmake_link_script CMakeFiles/cmTC_cbb91.dir/link.txt --verbose=1
/usr/bin/cc      CMakeFiles/cmTC_cbb91.dir/CheckSymbolExists.c.o  -o cmTC_cbb91 
CMakeFiles/cmTC_cbb91.dir/CheckSymbolExists.c.o：在函数‘main’中：
CheckSymbolExists.c:(.text+0x1b)：对‘pthread_create’未定义的引用
collect2: error: ld returned 1 exit status
CMakeFiles/cmTC_cbb91.dir/build.make:86: recipe for target 'cmTC_cbb91' failed
make[1]: *** [cmTC_cbb91] Error 1
make[1]: 离开目录“/media/wangbin/36005E93005E59C7/tlpl/build/CMakeFiles/CMakeTmp”
Makefile:121: recipe for target 'cmTC_cbb91/fast' failed
make: *** [cmTC_cbb91/fast] Error 2

File /media/wangbin/36005E93005E59C7/tlpl/build/CMakeFiles/CMakeTmp/CheckSymbolExists.c:
/* */
#include <pthread.h>

int main(int argc, char** argv)
{
  (void)argv;
#ifndef pthread_create
  return ((int*)(&pthread_create))[argc];
#else
  (void)argc;
  return 0;
#endif
}

Determining if the function pthread_create exists in the pthreads failed with the following output:
Change Dir: /media/wangbin/36005E93005E59C7/tlpl/build/CMakeFiles/CMakeTmp

Run Build Command(s):/usr/bin/make cmTC_943d8/fast 
/usr/bin/make -f CMakeFiles/cmTC_943d8.dir/build.make CMakeFiles/cmTC_943d8.dir/build
make[1]: 进入目录“/media/wangbin/36005E93005E59C7/tlpl/build/CMakeFiles/CMakeTmp”
Building C object CMakeFiles/cmTC_943d8.dir/CheckFunctionExists.c.o
/usr/bin/cc   -DCHECK_FUNCTION_EXISTS=pthread_create   -o CMakeFiles/cmTC_943d8.dir/CheckFunctionExists.c.o   -c /usr/local/share/cmake-3.14/Modules/CheckFunctionExists.c
Linking C executable cmTC_943d8
/usr/local/bin/cmake -E cmake_link_script CMakeFiles/cmTC_943d8.dir/link.txt --verbose=1
/usr/bin/cc  -DCHECK_FUNCTION_EXISTS=pthread_create    CMakeFiles/cmTC_943d8.dir/CheckFunctionExists.c.o  -o cmTC_943d8 -lpthreads 
/usr/bin/ld: 找不到 -lpthreads
collect2: error: ld returned 1 exit status
CMakeFiles/cmTC_943d8.dir/build.make:86: recipe for target 'cmTC_943d8' failed
make[1]: *** [cmTC_943d8] Error 1
make[1]: 离开目录“/media/wangbin/36005E93005E59C7/tlpl/build/CMakeFiles/CMakeTmp”
Makefile:121: recipe for target 'cmTC_943d8/fast' failed
make: *** [cmTC_943d8/fast] Error 2


